# JRE version: 7.0_17-b02
# Java VM: Java HotSpot(TM) 64-Bit Server VM (23.7-b01 mixed mode linux-amd64 compressed oops)
Heap
 PSYoungGen      total 670528K, used 4880K [0x00000000d70b0000, 0x0000000100000000, 0x0000000100000000)
  eden space 670272K, 0% used [0x00000000d70b0000,0x00000000d75742e0,0x00000000fff40000)
  from space 256K, 0% used [0x00000000fffc0000,0x00000000fffc0000,0x0000000100000000)
  to   space 384K, 0% used [0x00000000fff40000,0x00000000fff40000,0x00000000fffa0000)
 ParOldGen       total 1342144K, used 42638K [0x0000000085200000, 0x00000000d70b0000, 0x00000000d70b0000)
  object space 1342144K, 3% used [0x0000000085200000,0x0000000087ba3b08,0x00000000d70b0000)
 PSPermGen       total 83968K, used 83966K [0x0000000080000000, 0x0000000085200000, 0x0000000085200000)
  object space 83968K, 99% used [0x0000000080000000,0x00000000851ffb48,0x0000000085200000)
GC Heap History (10 events):
Event: 1157.848 GC heap before
{Heap before GC invocations=675 (full 333):
 PSYoungGen      total 670720K, used 192K [0x00000000d70b0000, 0x0000000100000000, 0x0000000100000000)
  eden space 670528K, 0% used [0x00000000d70b0000,0x00000000d70b0000,0x00000000fff80000)
  from space 192K, 100% used [0x00000000fffd0000,0x0000000100000000,0x0000000100000000)
  to   space 256K, 0% used [0x00000000fff80000,0x00000000fff80000,0x00000000fffc0000)
 ParOldGen       total 1342144K, used 42540K [0x0000000085200000, 0x00000000d70b0000, 0x00000000d70b0000)
  object space 1342144K, 3% used [0x0000000085200000,0x0000000087b8b398,0x00000000d70b0000)
 PSPermGen       total 83968K, used 83967K [0x0000000080000000, 0x0000000085200000, 0x0000000085200000)
  object space 83968K, 99% used [0x0000000080000000,0x00000000851ffee8,0x0000000085200000)
Event: 1158.117 GC heap after
Heap after GC invocations=675 (full 333):
 PSYoungGen      total 670720K, used 0K [0x00000000d70b0000, 0x0000000100000000, 0x0000000100000000)
  eden space 670528K, 0% used [0x00000000d70b0000,0x00000000d70b0000,0x00000000fff80000)
  from space 192K, 0% used [0x00000000fffd0000,0x00000000fffd0000,0x0000000100000000)
  to   space 256K, 0% used [0x00000000fff80000,0x00000000fff80000,0x00000000fffc0000)
 ParOldGen       total 1342144K, used 42643K [0x0000000085200000, 0x00000000d70b0000, 0x00000000d70b0000)
  object space 1342144K, 3% used [0x0000000085200000,0x0000000087ba4d30,0x00000000d70b0000)
 PSPermGen       total 83968K, used 83967K [0x0000000080000000, 0x0000000085200000, 0x0000000085200000)
  object space 83968K, 99% used [0x0000000080000000,0x00000000851ffee8,0x0000000085200000)
}
Event: 1158.117 GC heap before
{Heap before GC invocations=676 (full 333):
 PSYoungGen      total 670720K, used 0K [0x00000000d70b0000, 0x0000000100000000, 0x0000000100000000)
  eden space 670528K, 0% used [0x00000000d70b0000,0x00000000d70b0000,0x00000000fff80000)
  from space 192K, 0% used [0x00000000fffd0000,0x00000000fffd0000,0x0000000100000000)
  to   space 256K, 0% used [0x00000000fff80000,0x00000000fff80000,0x00000000fffc0000)
 ParOldGen       total 1342144K, used 42643K [0x0000000085200000, 0x00000000d70b0000, 0x00000000d70b0000)
  object space 1342144K, 3% used [0x0000000085200000,0x0000000087ba4d30,0x00000000d70b0000)
 PSPermGen       total 83968K, used 83967K [0x0000000080000000, 0x0000000085200000, 0x0000000085200000)
  object space 83968K, 99% used [0x0000000080000000,0x00000000851ffee8,0x0000000085200000)
Event: 1158.121 GC heap after
Heap after GC invocations=676 (full 333):
 PSYoungGen      total 670784K, used 0K [0x00000000d70b0000, 0x0000000100000000, 0x0000000100000000)
  eden space 670528K, 0% used [0x00000000d70b0000,0x00000000d70b0000,0x00000000fff80000)
  from space 256K, 0% used [0x00000000fff80000,0x00000000fff80000,0x00000000fffc0000)
  to   space 256K, 0% used [0x00000000fffc0000,0x00000000fffc0000,0x0000000100000000)
 ParOldGen       total 1342144K, used 42643K [0x0000000085200000, 0x00000000d70b0000, 0x00000000d70b0000)
  object space 1342144K, 3% used [0x0000000085200000,0x0000000087ba4d30,0x00000000d70b0000)
 PSPermGen       total 83968K, used 83967K [0x0000000080000000, 0x0000000085200000, 0x0000000085200000)
  object space 83968K, 99% used [0x0000000080000000,0x00000000851ffee8,0x0000000085200000)
}
Event: 1158.121 GC heap before
{Heap before GC invocations=677 (full 334):
 PSYoungGen      total 670784K, used 0K [0x00000000d70b0000, 0x0000000100000000, 0x0000000100000000)
  eden space 670528K, 0% used [0x00000000d70b0000,0x00000000d70b0000,0x00000000fff80000)
  from space 256K, 0% used [0x00000000fff80000,0x00000000fff80000,0x00000000fffc0000)
  to   space 256K, 0% used [0x00000000fffc0000,0x00000000fffc0000,0x0000000100000000)
 ParOldGen       total 1342144K, used 42643K [0x0000000085200000, 0x00000000d70b0000, 0x00000000d70b0000)
  object space 1342144K, 3% used [0x0000000085200000,0x0000000087ba4d30,0x00000000d70b0000)
 PSPermGen       total 83968K, used 83967K [0x0000000080000000, 0x0000000085200000, 0x0000000085200000)
  object space 83968K, 99% used [0x0000000080000000,0x00000000851ffee8,0x0000000085200000)
Event: 1158.421 GC heap after
Heap after GC invocations=677 (full 334):
 PSYoungGen      total 670784K, used 0K [0x00000000d70b0000, 0x0000000100000000, 0x0000000100000000)
  eden space 670528K, 0% used [0x00000000d70b0000,0x00000000d70b0000,0x00000000fff80000)
  from space 256K, 0% used [0x00000000fff80000,0x00000000fff80000,0x00000000fffc0000)
  to   space 256K, 0% used [0x00000000fffc0000,0x00000000fffc0000,0x0000000100000000)
 ParOldGen       total 1342144K, used 42335K [0x0000000085200000, 0x00000000d70b0000, 0x00000000d70b0000)
  object space 1342144K, 3% used [0x0000000085200000,0x0000000087b57c58,0x00000000d70b0000)
 PSPermGen       total 83968K, used 83967K [0x0000000080000000, 0x0000000085200000, 0x0000000085200000)
  object space 83968K, 99% used [0x0000000080000000,0x00000000851ffee8,0x0000000085200000)
}
Event: 1158.427 GC heap before
{Heap before GC invocations=678 (full 334):
 PSYoungGen      total 670784K, used 4882K [0x00000000d70b0000, 0x0000000100000000, 0x0000000100000000)
  eden space 670528K, 0% used [0x00000000d70b0000,0x00000000d7574b48,0x00000000fff80000)
  from space 256K, 0% used [0x00000000fff80000,0x00000000fff80000,0x00000000fffc0000)
  to   space 256K, 0% used [0x00000000fffc0000,0x00000000fffc0000,0x0000000100000000)
 ParOldGen       total 1342144K, used 42335K [0x0000000085200000, 0x00000000d70b0000, 0x00000000d70b0000)
  object space 1342144K, 3% used [0x0000000085200000,0x0000000087b57c58,0x00000000d70b0000)
 PSPermGen       total 83968K, used 83967K [0x0000000080000000, 0x0000000085200000, 0x0000000085200000)
  object space 83968K, 99% used [0x0000000080000000,0x00000000851ffee8,0x0000000085200000)
Event: 1158.431 GC heap after
Heap after GC invocations=678 (full 334):
 PSYoungGen      total 670528K, used 256K [0x00000000d70b0000, 0x0000000100000000, 0x0000000100000000)
  eden space 670272K, 0% used [0x00000000d70b0000,0x00000000d70b0000,0x00000000fff40000)
  from space 256K, 100% used [0x00000000fffc0000,0x0000000100000000,0x0000000100000000)
  to   space 384K, 0% used [0x00000000fff40000,0x00000000fff40000,0x00000000fffa0000)
 ParOldGen       total 1342144K, used 42407K [0x0000000085200000, 0x00000000d70b0000, 0x00000000d70b0000)
  object space 1342144K, 3% used [0x0000000085200000,0x0000000087b69c68,0x00000000d70b0000)
 PSPermGen       total 83968K, used 83967K [0x0000000080000000, 0x0000000085200000, 0x0000000085200000)
  object space 83968K, 99% used [0x0000000080000000,0x00000000851ffee8,0x0000000085200000)
}
Event: 1158.431 GC heap before
{Heap before GC invocations=679 (full 335):
 PSYoungGen      total 670528K, used 256K [0x00000000d70b0000, 0x0000000100000000, 0x0000000100000000)
  eden space 670272K, 0% used [0x00000000d70b0000,0x00000000d70b0000,0x00000000fff40000)
  from space 256K, 100% used [0x00000000fffc0000,0x0000000100000000,0x0000000100000000)
  to   space 384K, 0% used [0x00000000fff40000,0x00000000fff40000,0x00000000fffa0000)
 ParOldGen       total 1342144K, used 42407K [0x0000000085200000, 0x00000000d70b0000, 0x00000000d70b0000)
  object space 1342144K, 3% used [0x0000000085200000,0x0000000087b69c68,0x00000000d70b0000)
 PSPermGen       total 83968K, used 83967K [0x0000000080000000, 0x0000000085200000, 0x0000000085200000)
  object space 83968K, 99% used [0x0000000080000000,0x00000000851ffee8,0x0000000085200000)
Event: 1158.742 GC heap after
Heap after GC invocations=679 (full 335):
 PSYoungGen      total 670528K, used 0K [0x00000000d70b0000, 0x0000000100000000, 0x0000000100000000)
  eden space 670272K, 0% used [0x00000000d70b0000,0x00000000d70b0000,0x00000000fff40000)
  from space 256K, 0% used [0x00000000fffc0000,0x00000000fffc0000,0x0000000100000000)
  to   space 384K, 0% used [0x00000000fff40000,0x00000000fff40000,0x00000000fffa0000)
 ParOldGen       total 1342144K, used 42638K [0x0000000085200000, 0x00000000d70b0000, 0x00000000d70b0000)
  object space 1342144K, 3% used [0x0000000085200000,0x0000000087ba3b08,0x00000000d70b0000)
 PSPermGen       total 83968K, used 83964K [0x0000000080000000, 0x0000000085200000, 0x0000000085200000)
  object space 83968K, 99% used [0x0000000080000000,0x00000000851ff2c0,0x0000000085200000)
}

